2020-04-05 18:57:27.548  INFO 17008 --- [main] c.b.a.d.BudgetDiscoveryApplication       : No active profile set, falling back to default profiles: default
2020-04-05 18:57:28.509  WARN 17008 --- [main] o.s.boot.actuate.endpoint.EndpointId     : Endpoint ID 'service-registry' contains invalid characters, please migrate to a valid format.
2020-04-05 18:57:28.688  INFO 17008 --- [main] o.s.cloud.context.scope.GenericScope     : BeanFactory id=bd20e5e9-4b8d-3b16-a48a-a97165268ce1
2020-04-05 18:57:29.235  INFO 17008 --- [main] o.s.b.w.embedded.tomcat.TomcatWebServer  : Tomcat initialized with port(s): 8761 (http)
2020-04-05 18:57:29.250  INFO 17008 --- [main] o.apache.catalina.core.StandardService   : Starting service [Tomcat]
2020-04-05 18:57:29.250  INFO 17008 --- [main] org.apache.catalina.core.StandardEngine  : Starting Servlet engine: [Apache Tomcat/9.0.31]
2020-04-05 18:57:29.477  INFO 17008 --- [main] o.a.c.c.C.[Tomcat].[localhost].[/]       : Initializing Spring embedded WebApplicationContext
2020-04-05 18:57:29.477  INFO 17008 --- [main] o.s.web.context.ContextLoader            : Root WebApplicationContext: initialization completed in 1904 ms
2020-04-05 18:57:29.579  WARN 17008 --- [main] c.n.c.sources.URLConfigurationSource     : No URLs will be polled as dynamic configuration sources.
2020-04-05 18:57:29.579  INFO 17008 --- [main] c.n.c.sources.URLConfigurationSource     : To enable URLs as dynamic configuration sources, define System property archaius.configurationSource.additionalUrls or make config.properties available on classpath.
2020-04-05 18:57:29.592  INFO 17008 --- [main] c.netflix.config.DynamicPropertyFactory  : DynamicPropertyFactory is initialized with configuration sources: com.netflix.config.ConcurrentCompositeConfiguration@535a518c
2020-04-05 18:57:30.794  INFO 17008 --- [main] c.s.j.s.i.a.WebApplicationImpl           : Initiating Jersey application, version 'Jersey: 1.19.1 03/11/2016 02:08 PM'
2020-04-05 18:57:30.860  INFO 17008 --- [main] c.n.d.provider.DiscoveryJerseyProvider   : Using JSON encoding codec LegacyJacksonJson
2020-04-05 18:57:30.862  INFO 17008 --- [main] c.n.d.provider.DiscoveryJerseyProvider   : Using JSON decoding codec LegacyJacksonJson
2020-04-05 18:57:31.026  INFO 17008 --- [main] c.n.d.provider.DiscoveryJerseyProvider   : Using XML encoding codec XStreamXml
2020-04-05 18:57:31.026  INFO 17008 --- [main] c.n.d.provider.DiscoveryJerseyProvider   : Using XML decoding codec XStreamXml
2020-04-05 18:57:31.385  WARN 17008 --- [main] o.s.c.n.a.ArchaiusAutoConfiguration      : No spring.application.name found, defaulting to 'application'
2020-04-05 18:57:31.386  WARN 17008 --- [main] c.n.c.sources.URLConfigurationSource     : No URLs will be polled as dynamic configuration sources.
2020-04-05 18:57:31.386  INFO 17008 --- [main] c.n.c.sources.URLConfigurationSource     : To enable URLs as dynamic configuration sources, define System property archaius.configurationSource.additionalUrls or make config.properties available on classpath.
2020-04-05 18:57:31.604  INFO 17008 --- [main] o.s.s.concurrent.ThreadPoolTaskExecutor  : Initializing ExecutorService 'applicationTaskExecutor'
2020-04-05 18:57:32.564  WARN 17008 --- [main] ockingLoadBalancerClientRibbonWarnLogger : You already have RibbonLoadBalancerClient on your classpath. It will be used by default. As Spring Cloud Ribbon is in maintenance mode. We recommend switching to BlockingLoadBalancerClient instead. In order to use it, set the value of `spring.cloud.loadbalancer.ribbon.enabled` to `false` or remove spring-cloud-starter-netflix-ribbon from your project.
2020-04-05 18:57:32.618  INFO 17008 --- [main] o.s.c.n.eureka.InstanceInfoFactory       : Setting initial instance status as: STARTING
2020-04-05 18:57:32.652  INFO 17008 --- [main] com.netflix.discovery.DiscoveryClient    : Initializing Eureka in region us-east-1
2020-04-05 18:57:32.653  INFO 17008 --- [main] com.netflix.discovery.DiscoveryClient    : Client configured to neither register nor query for data.
2020-04-05 18:57:32.662  INFO 17008 --- [main] com.netflix.discovery.DiscoveryClient    : Discovery Client initialized at timestamp 1586093252661 with initial instances count: 0
2020-04-05 18:57:32.697  INFO 17008 --- [main] c.n.eureka.DefaultEurekaServerContext    : Initializing ...
2020-04-05 18:57:32.699  WARN 17008 --- [main] c.n.eureka.cluster.PeerEurekaNodes       : The replica size seems to be empty. Check the route 53 DNS Registry
2020-04-05 18:57:32.715  INFO 17008 --- [main] c.n.e.registry.AbstractInstanceRegistry  : Finished initializing remote region registries. All known remote regions: []
2020-04-05 18:57:32.717  INFO 17008 --- [main] c.n.eureka.DefaultEurekaServerContext    : Initialized
2020-04-05 18:57:32.728  INFO 17008 --- [main] o.s.b.a.e.web.EndpointLinksResolver      : Exposing 2 endpoint(s) beneath base path '/actuator'
2020-04-05 18:57:32.804  INFO 17008 --- [main] o.s.c.n.e.s.EurekaServiceRegistry        : Registering application UNKNOWN with eureka with status UP
2020-04-05 18:57:32.807  INFO 17008 --- [Thread-10] o.s.c.n.e.server.EurekaServerBootstrap   : Setting the eureka configuration..
2020-04-05 18:57:32.809  INFO 17008 --- [Thread-10] o.s.c.n.e.server.EurekaServerBootstrap   : Eureka data center value eureka.datacenter is not set, defaulting to default
2020-04-05 18:57:32.809  INFO 17008 --- [Thread-10] o.s.c.n.e.server.EurekaServerBootstrap   : Eureka environment value eureka.environment is not set, defaulting to test
2020-04-05 18:57:32.823  INFO 17008 --- [Thread-10] o.s.c.n.e.server.EurekaServerBootstrap   : isAws returned false
2020-04-05 18:57:32.823  INFO 17008 --- [Thread-10] o.s.c.n.e.server.EurekaServerBootstrap   : Initialized server context
2020-04-05 18:57:32.823  INFO 17008 --- [Thread-10] c.n.e.r.PeerAwareInstanceRegistryImpl    : Got 1 instances from neighboring DS node
2020-04-05 18:57:32.824  INFO 17008 --- [Thread-10] c.n.e.r.PeerAwareInstanceRegistryImpl    : Renew threshold is: 1
2020-04-05 18:57:32.824  INFO 17008 --- [Thread-10] c.n.e.r.PeerAwareInstanceRegistryImpl    : Changing status to UP
2020-04-05 18:57:32.835  INFO 17008 --- [Thread-10] e.s.EurekaServerInitializerConfiguration : Started Eureka Server
2020-04-05 18:57:32.840  INFO 17008 --- [main] o.apache.catalina.core.StandardService   : Stopping service [Tomcat]
2020-04-05 18:57:32.845  WARN 17008 --- [main] o.a.c.loader.WebappClassLoaderBase       : The web application [ROOT] appears to have started a thread named [spring.cloud.inetutils] but has failed to stop it. This is very likely to create a memory leak. Stack trace of thread:
 java.base@11.0.5/jdk.internal.misc.Unsafe.park(Native Method)
 java.base@11.0.5/java.util.concurrent.locks.LockSupport.park(LockSupport.java:194)
 java.base@11.0.5/java.util.concurrent.locks.AbstractQueuedSynchronizer$ConditionObject.await(AbstractQueuedSynchronizer.java:2081)
 java.base@11.0.5/java.util.concurrent.LinkedBlockingQueue.take(LinkedBlockingQueue.java:433)
 java.base@11.0.5/java.util.concurrent.ThreadPoolExecutor.getTask(ThreadPoolExecutor.java:1054)
 java.base@11.0.5/java.util.concurrent.ThreadPoolExecutor.runWorker(ThreadPoolExecutor.java:1114)
 java.base@11.0.5/java.util.concurrent.ThreadPoolExecutor$Worker.run(ThreadPoolExecutor.java:628)
 java.base@11.0.5/java.lang.Thread.run(Thread.java:834)
2020-04-05 18:57:32.850  INFO 17008 --- [main] ConditionEvaluationReportLoggingListener : 

Error starting ApplicationContext. To display the conditions report re-run your application with 'debug' enabled.
2020-04-05 18:57:32.851  INFO 17008 --- [main] o.s.c.n.e.s.EurekaServiceRegistry        : Unregistering application UNKNOWN with eureka with status DOWN
2020-04-05 18:57:32.853  INFO 17008 --- [main] c.n.eureka.DefaultEurekaServerContext    : Shutting down ...
2020-04-05 18:57:32.864  INFO 17008 --- [main] c.n.eureka.DefaultEurekaServerContext    : Shut down
2020-04-05 18:57:32.868  INFO 17008 --- [main] o.s.s.concurrent.ThreadPoolTaskExecutor  : Shutting down ExecutorService 'applicationTaskExecutor'
2020-04-05 18:57:32.871  INFO 17008 --- [main] com.netflix.discovery.DiscoveryClient    : Shutting down DiscoveryClient ...
2020-04-05 18:57:32.873  INFO 17008 --- [main] com.netflix.discovery.DiscoveryClient    : Completed shut down of DiscoveryClient
2020-04-05 18:57:32.877 ERROR 17008 --- [main] o.s.b.d.LoggingFailureAnalysisReporter   : 

***************************
APPLICATION FAILED TO START
***************************

Description:

Web server failed to start. Port 8761 was already in use.

Action:

Identify and stop the process that's listening on port 8761 or configure this application to listen on another port.

2020-04-05 18:59:23.699  INFO 12024 --- [main] c.b.a.d.BudgetDiscoveryApplication       : No active profile set, falling back to default profiles: default
2020-04-05 18:59:24.486  WARN 12024 --- [main] o.s.boot.actuate.endpoint.EndpointId     : Endpoint ID 'service-registry' contains invalid characters, please migrate to a valid format.
2020-04-05 18:59:24.624  INFO 12024 --- [main] o.s.cloud.context.scope.GenericScope     : BeanFactory id=bd20e5e9-4b8d-3b16-a48a-a97165268ce1
2020-04-05 18:59:24.997  INFO 12024 --- [main] o.s.b.w.embedded.tomcat.TomcatWebServer  : Tomcat initialized with port(s): 8761 (http)
2020-04-05 18:59:25.005  INFO 12024 --- [main] o.apache.catalina.core.StandardService   : Starting service [Tomcat]
2020-04-05 18:59:25.006  INFO 12024 --- [main] org.apache.catalina.core.StandardEngine  : Starting Servlet engine: [Apache Tomcat/9.0.31]
2020-04-05 18:59:25.175  INFO 12024 --- [main] o.a.c.c.C.[Tomcat].[localhost].[/]       : Initializing Spring embedded WebApplicationContext
2020-04-05 18:59:25.175  INFO 12024 --- [main] o.s.web.context.ContextLoader            : Root WebApplicationContext: initialization completed in 1455 ms
2020-04-05 18:59:25.247  WARN 12024 --- [main] c.n.c.sources.URLConfigurationSource     : No URLs will be polled as dynamic configuration sources.
2020-04-05 18:59:25.247  INFO 12024 --- [main] c.n.c.sources.URLConfigurationSource     : To enable URLs as dynamic configuration sources, define System property archaius.configurationSource.additionalUrls or make config.properties available on classpath.
2020-04-05 18:59:25.255  INFO 12024 --- [main] c.netflix.config.DynamicPropertyFactory  : DynamicPropertyFactory is initialized with configuration sources: com.netflix.config.ConcurrentCompositeConfiguration@5f8d9767
2020-04-05 18:59:26.397  INFO 12024 --- [main] c.s.j.s.i.a.WebApplicationImpl           : Initiating Jersey application, version 'Jersey: 1.19.1 03/11/2016 02:08 PM'
2020-04-05 18:59:26.443  INFO 12024 --- [main] c.n.d.provider.DiscoveryJerseyProvider   : Using JSON encoding codec LegacyJacksonJson
2020-04-05 18:59:26.445  INFO 12024 --- [main] c.n.d.provider.DiscoveryJerseyProvider   : Using JSON decoding codec LegacyJacksonJson
2020-04-05 18:59:26.564  INFO 12024 --- [main] c.n.d.provider.DiscoveryJerseyProvider   : Using XML encoding codec XStreamXml
2020-04-05 18:59:26.564  INFO 12024 --- [main] c.n.d.provider.DiscoveryJerseyProvider   : Using XML decoding codec XStreamXml
2020-04-05 18:59:26.955  WARN 12024 --- [main] o.s.c.n.a.ArchaiusAutoConfiguration      : No spring.application.name found, defaulting to 'application'
2020-04-05 18:59:26.958  WARN 12024 --- [main] c.n.c.sources.URLConfigurationSource     : No URLs will be polled as dynamic configuration sources.
2020-04-05 18:59:26.960  INFO 12024 --- [main] c.n.c.sources.URLConfigurationSource     : To enable URLs as dynamic configuration sources, define System property archaius.configurationSource.additionalUrls or make config.properties available on classpath.
2020-04-05 18:59:27.148  INFO 12024 --- [main] o.s.s.concurrent.ThreadPoolTaskExecutor  : Initializing ExecutorService 'applicationTaskExecutor'
2020-04-05 18:59:28.093  WARN 12024 --- [main] ockingLoadBalancerClientRibbonWarnLogger : You already have RibbonLoadBalancerClient on your classpath. It will be used by default. As Spring Cloud Ribbon is in maintenance mode. We recommend switching to BlockingLoadBalancerClient instead. In order to use it, set the value of `spring.cloud.loadbalancer.ribbon.enabled` to `false` or remove spring-cloud-starter-netflix-ribbon from your project.
2020-04-05 18:59:28.132  INFO 12024 --- [main] o.s.c.n.eureka.InstanceInfoFactory       : Setting initial instance status as: STARTING
2020-04-05 18:59:28.153  INFO 12024 --- [main] com.netflix.discovery.DiscoveryClient    : Initializing Eureka in region us-east-1
2020-04-05 18:59:28.154  INFO 12024 --- [main] com.netflix.discovery.DiscoveryClient    : Client configured to neither register nor query for data.
2020-04-05 18:59:28.160  INFO 12024 --- [main] com.netflix.discovery.DiscoveryClient    : Discovery Client initialized at timestamp 1586093368158 with initial instances count: 0
2020-04-05 18:59:28.189  INFO 12024 --- [main] c.n.eureka.DefaultEurekaServerContext    : Initializing ...
2020-04-05 18:59:28.191  WARN 12024 --- [main] c.n.eureka.cluster.PeerEurekaNodes       : The replica size seems to be empty. Check the route 53 DNS Registry
2020-04-05 18:59:28.208  INFO 12024 --- [main] c.n.e.registry.AbstractInstanceRegistry  : Finished initializing remote region registries. All known remote regions: []
2020-04-05 18:59:28.209  INFO 12024 --- [main] c.n.eureka.DefaultEurekaServerContext    : Initialized
2020-04-05 18:59:28.219  INFO 12024 --- [main] o.s.b.a.e.web.EndpointLinksResolver      : Exposing 2 endpoint(s) beneath base path '/actuator'
2020-04-05 18:59:28.289  INFO 12024 --- [main] o.s.c.n.e.s.EurekaServiceRegistry        : Registering application UNKNOWN with eureka with status UP
2020-04-05 18:59:28.293  INFO 12024 --- [Thread-10] o.s.c.n.e.server.EurekaServerBootstrap   : Setting the eureka configuration..
2020-04-05 18:59:28.295  INFO 12024 --- [Thread-10] o.s.c.n.e.server.EurekaServerBootstrap   : Eureka data center value eureka.datacenter is not set, defaulting to default
2020-04-05 18:59:28.296  INFO 12024 --- [Thread-10] o.s.c.n.e.server.EurekaServerBootstrap   : Eureka environment value eureka.environment is not set, defaulting to test
2020-04-05 18:59:28.307  INFO 12024 --- [Thread-10] o.s.c.n.e.server.EurekaServerBootstrap   : isAws returned false
2020-04-05 18:59:28.308  INFO 12024 --- [Thread-10] o.s.c.n.e.server.EurekaServerBootstrap   : Initialized server context
2020-04-05 18:59:28.308  INFO 12024 --- [Thread-10] c.n.e.r.PeerAwareInstanceRegistryImpl    : Got 1 instances from neighboring DS node
2020-04-05 18:59:28.309  INFO 12024 --- [Thread-10] c.n.e.r.PeerAwareInstanceRegistryImpl    : Renew threshold is: 1
2020-04-05 18:59:28.309  INFO 12024 --- [Thread-10] c.n.e.r.PeerAwareInstanceRegistryImpl    : Changing status to UP
2020-04-05 18:59:28.320  INFO 12024 --- [Thread-10] e.s.EurekaServerInitializerConfiguration : Started Eureka Server
2020-04-05 18:59:28.341  INFO 12024 --- [main] o.s.b.w.embedded.tomcat.TomcatWebServer  : Tomcat started on port(s): 8761 (http) with context path ''
2020-04-05 18:59:28.342  INFO 12024 --- [main] .s.c.n.e.s.EurekaAutoServiceRegistration : Updating port to 8761
2020-04-05 18:59:29.054  INFO 12024 --- [main] c.b.a.d.BudgetDiscoveryApplication       : Started BudgetDiscoveryApplication in 7.243 seconds (JVM running for 8.595)
2020-04-05 19:00:02.372  INFO 12024 --- [RMI TCP Connection(9)-127.0.0.1] inMXBeanRegistrar$SpringApplicationAdmin : Application shutdown requested.
2020-04-05 19:00:02.373  INFO 12024 --- [RMI TCP Connection(9)-127.0.0.1] o.s.c.n.e.s.EurekaServiceRegistry        : Unregistering application UNKNOWN with eureka with status DOWN
2020-04-05 19:00:02.376  INFO 12024 --- [RMI TCP Connection(9)-127.0.0.1] c.n.eureka.DefaultEurekaServerContext    : Shutting down ...
2020-04-05 19:00:02.390  INFO 12024 --- [RMI TCP Connection(9)-127.0.0.1] c.n.eureka.DefaultEurekaServerContext    : Shut down
2020-04-05 19:00:02.395  INFO 12024 --- [RMI TCP Connection(9)-127.0.0.1] o.s.s.concurrent.ThreadPoolTaskExecutor  : Shutting down ExecutorService 'applicationTaskExecutor'
2020-04-05 19:00:02.400  INFO 12024 --- [RMI TCP Connection(9)-127.0.0.1] com.netflix.discovery.DiscoveryClient    : Shutting down DiscoveryClient ...
2020-04-05 19:00:02.400  INFO 12024 --- [RMI TCP Connection(9)-127.0.0.1] com.netflix.discovery.DiscoveryClient    : Completed shut down of DiscoveryClient
2020-04-05 19:00:02.731  INFO 12024 --- [RMI TCP Connection(9)-127.0.0.1] o.apache.catalina.core.StandardService   : Stopping service [Tomcat]
